1655907744543	geckodriver	INFO	Listening on 127.0.0.1:62402
1655907745061	mozrunner::runner	INFO	Running command: "/Applications/Firefox.app/Contents/MacOS/firefox-bin" "--marionette" "--remote-debugging-port" "62403" "--remote-allow-hosts" "localhost" "-foreground" "-no-remote" "-profile" "/var/folders/p0/j09ylr1n3875042nl_k1zphw0000gn/T/rust_mozprofileo2FqRN"
1655907745392	Marionette	INFO	Marionette enabled
WebDriver BiDi listening on ws://localhost:62403
2022-06-22 11:22:25.423 plugin-container[19106:789047] nil host used in call to allowsSpecificHTTPSCertificateForHost
2022-06-22 11:22:25.423 plugin-container[19106:789047] nil host used in call to allowsAnyHTTPSCertificateForHost:
2022-06-22 11:22:25.458 plugin-container[19106:789047] nil host used in call to allowsSpecificHTTPSCertificateForHost
2022-06-22 11:22:25.458 plugin-container[19106:789047] nil host used in call to allowsAnyHTTPSCertificateForHost:
2022-06-22 11:22:25.458 plugin-container[19106:789055] nil host used in call to allowsSpecificHTTPSCertificateForHost
2022-06-22 11:22:25.458 plugin-container[19106:789055] nil host used in call to allowsAnyHTTPSCertificateForHost:
console.warn: SearchSettings: "get: No settings file exists, new profile?" (new NotFoundError("Could not open the file at /var/folders/p0/j09ylr1n3875042nl_k1zphw0000gn/T/rust_mozprofileo2FqRN/search.json.mozlz4", (void 0)))
console.error: BackgroundUpdate: 
  _reasonsToNotScheduleUpdates: Failed to check for Maintenance Service Registry Key: [Exception... "Component returned failure code: 0x80004001 (NS_ERROR_NOT_IMPLEMENTED) [nsIUpdateProcessor.getServiceRegKeyExists]"  nsresult: "0x80004001 (NS_ERROR_NOT_IMPLEMENTED)"  location: "JS frame :: resource://gre/modules/BackgroundUpdate.jsm :: _reasonsToNotScheduleUpdates :: line 241"  data: no]
1655907746341	Marionette	INFO	Listening on port 62411
DevTools listening on ws://localhost:62403/devtools/browser/3bf00020-b0d7-41c7-ba15-6be4b84f0e76
Read port: 62411
1655907746443	RemoteAgent	WARN	TLS certificate errors will be ignored for this session
UNSUPPORTED (log once): POSSIBLE ISSUE: unit 1 GLD_TEXTURE_INDEX_2D is unloadable and bound to sampler type (Float) - using zero texture because texture unloadable
JavaScript error: , line 0: NotFoundError: No such JSWindowActor 'DevToolsFrame'
JavaScript error: , line 0: NotFoundError: No such JSWindowActor 'DevToolsFrame'
1655909340454	Marionette	INFO	Stopped listening on port 62411

###!!! [Parent][PImageBridgeParent] Error: RunMessage(msgname=PImageBridge::Msg_WillClose) Channel closing: too late to send/recv, messages will be lost

